<?xml version="1.0" encoding="UTF-8"?>
<testsuite name="com.demorestws.project.service.UserServiceImplTest" time="0" tests="1" errors="0" skipped="1" failures="0">
  <properties>
[...]
</properties>
  <testcase name="com.demorestws.project.service.UserServiceImplTest" classname="com.demorestws.project.service.UserServiceImplTest" time="0">
    <skipped/>
    <system-out><![CDATA[14:52:28.812 [main] DEBUG org.springframework.test.context.junit4.SpringJUnit4ClassRunner - SpringJUnit4ClassRunner constructor called with [class com.demorestws.project.DemoRestWsApplicationTests]
14:52:28.818 [main] DEBUG org.springframework.test.context.BootstrapUtils - Instantiating CacheAwareContextLoaderDelegate from class [org.springframework.test.context.cache.DefaultCacheAwareContextLoaderDelegate]
14:52:28.822 [main] DEBUG org.springframework.test.context.BootstrapUtils - Instantiating BootstrapContext using constructor [public org.springframework.test.context.support.DefaultBootstrapContext(java.lang.Class,org.springframework.test.context.CacheAwareContextLoaderDelegate)]
14:52:28.834 [main] DEBUG org.springframework.test.context.BootstrapUtils - Instantiating TestContextBootstrapper for test class [com.demorestws.project.DemoRestWsApplicationTests] from class [org.springframework.test.context.web.WebTestContextBootstrapper]
14:52:28.850 [main] DEBUG org.springframework.test.context.web.WebTestContextBootstrapper - Found explicit ContextLoader class [org.springframework.boot.test.SpringApplicationContextLoader] for context configuration attributes [ContextConfigurationAttributes@73846619 declaringClass = 'com.demorestws.project.DemoRestWsApplicationTests', classes = '{class com.demorestws.project.DemoRestWsApplication}', locations = '{}', inheritLocations = true, initializers = '{}', inheritInitializers = true, name = [null], contextLoaderClass = 'org.springframework.boot.test.SpringApplicationContextLoader']
14:52:28.857 [main] DEBUG org.springframework.test.context.support.AbstractContextLoader - Did not detect default resource location for test class [com.demorestws.project.DemoRestWsApplicationTests]: class path resource [com/demorestws/project/DemoRestWsApplicationTests-context.xml] does not exist
14:52:28.858 [main] DEBUG org.springframework.test.context.support.AbstractContextLoader - Did not detect default resource location for test class [com.demorestws.project.DemoRestWsApplicationTests]: class path resource [com/demorestws/project/DemoRestWsApplicationTestsContext.groovy] does not exist
14:52:28.858 [main] INFO org.springframework.test.context.support.AbstractContextLoader - Could not detect default resource locations for test class [com.demorestws.project.DemoRestWsApplicationTests]: no resource found for suffixes {-context.xml, Context.groovy}.
14:52:28.859 [main] DEBUG org.springframework.test.context.support.ActiveProfilesUtils - Could not find an 'annotation declaring class' for annotation type [org.springframework.test.context.ActiveProfiles] and class [com.demorestws.project.DemoRestWsApplicationTests]
14:52:28.863 [main] DEBUG org.springframework.test.context.web.WebTestContextBootstrapper - @TestExecutionListeners is not present for class [com.demorestws.project.DemoRestWsApplicationTests]: using defaults.
14:52:28.868 [main] INFO org.springframework.test.context.web.WebTestContextBootstrapper - Loaded default TestExecutionListener class names from location [META-INF/spring.factories]: [org.springframework.test.context.web.ServletTestExecutionListener, org.springframework.test.context.support.DirtiesContextBeforeModesTestExecutionListener, org.springframework.test.context.support.DependencyInjectionTestExecutionListener, org.springframework.test.context.support.DirtiesContextTestExecutionListener, org.springframework.test.context.transaction.TransactionalTestExecutionListener, org.springframework.test.context.jdbc.SqlScriptsTestExecutionListener]
14:52:28.880 [main] INFO org.springframework.test.context.web.WebTestContextBootstrapper - Using TestExecutionListeners: [org.springframework.test.context.web.ServletTestExecutionListener@646d64ab, org.springframework.test.context.support.DirtiesContextBeforeModesTestExecutionListener@59e5ddf, org.springframework.test.context.support.DependencyInjectionTestExecutionListener@536aaa8d, org.springframework.test.context.support.DirtiesContextTestExecutionListener@e320068, org.springframework.test.context.transaction.TransactionalTestExecutionListener@1f57539, org.springframework.test.context.jdbc.SqlScriptsTestExecutionListener@76f2b07d]
14:52:28.880 [main] DEBUG org.springframework.test.context.junit4.SpringJUnit4ClassRunner - SpringJUnit4ClassRunner constructor called with [class com.demorestws.project.web.UserControllerTest]
14:52:28.880 [main] DEBUG org.springframework.test.context.BootstrapUtils - Instantiating CacheAwareContextLoaderDelegate from class [org.springframework.test.context.cache.DefaultCacheAwareContextLoaderDelegate]
14:52:28.881 [main] DEBUG org.springframework.test.context.BootstrapUtils - Instantiating BootstrapContext using constructor [public org.springframework.test.context.support.DefaultBootstrapContext(java.lang.Class,org.springframework.test.context.CacheAwareContextLoaderDelegate)]
14:52:28.881 [main] DEBUG org.springframework.test.context.BootstrapUtils - Instantiating TestContextBootstrapper for test class [com.demorestws.project.web.UserControllerTest] from class [org.springframework.test.context.support.DefaultTestContextBootstrapper]
14:52:28.882 [main] DEBUG org.springframework.test.context.support.DefaultTestContextBootstrapper - Found explicit ContextLoader class [org.springframework.boot.test.SpringApplicationContextLoader] for context configuration attributes [ContextConfigurationAttributes@704a52ec declaringClass = 'com.demorestws.project.web.UserControllerTest', classes = '{class com.demorestws.project.DemoRestWsApplication}', locations = '{}', inheritLocations = true, initializers = '{}', inheritInitializers = true, name = [null], contextLoaderClass = 'org.springframework.boot.test.SpringApplicationContextLoader']
14:52:28.883 [main] DEBUG org.springframework.test.context.support.AbstractContextLoader - Did not detect default resource location for test class [com.demorestws.project.web.UserControllerTest]: class path resource [com/demorestws/project/web/UserControllerTest-context.xml] does not exist
14:52:28.883 [main] DEBUG org.springframework.test.context.support.AbstractContextLoader - Did not detect default resource location for test class [com.demorestws.project.web.UserControllerTest]: class path resource [com/demorestws/project/web/UserControllerTestContext.groovy] does not exist
14:52:28.883 [main] INFO org.springframework.test.context.support.AbstractContextLoader - Could not detect default resource locations for test class [com.demorestws.project.web.UserControllerTest]: no resource found for suffixes {-context.xml, Context.groovy}.
14:52:28.883 [main] DEBUG org.springframework.test.context.support.ActiveProfilesUtils - Could not find an 'annotation declaring class' for annotation type [org.springframework.test.context.ActiveProfiles] and class [com.demorestws.project.web.UserControllerTest]
14:52:28.884 [main] DEBUG org.springframework.test.context.support.DefaultTestContextBootstrapper - @TestExecutionListeners is not present for class [com.demorestws.project.web.UserControllerTest]: using defaults.
14:52:28.885 [main] INFO org.springframework.test.context.support.DefaultTestContextBootstrapper - Loaded default TestExecutionListener class names from location [META-INF/spring.factories]: [org.springframework.test.context.web.ServletTestExecutionListener, org.springframework.test.context.support.DirtiesContextBeforeModesTestExecutionListener, org.springframework.test.context.support.DependencyInjectionTestExecutionListener, org.springframework.test.context.support.DirtiesContextTestExecutionListener, org.springframework.test.context.transaction.TransactionalTestExecutionListener, org.springframework.test.context.jdbc.SqlScriptsTestExecutionListener]
14:52:28.885 [main] INFO org.springframework.test.context.support.DefaultTestContextBootstrapper - Using TestExecutionListeners: [org.springframework.test.context.web.ServletTestExecutionListener@528931cf, org.springframework.test.context.support.DirtiesContextBeforeModesTestExecutionListener@ea1a8d5, org.springframework.test.context.support.DependencyInjectionTestExecutionListener@1563da5, org.springframework.test.context.support.DirtiesContextTestExecutionListener@2bbf4b8b, org.springframework.test.context.transaction.TransactionalTestExecutionListener@30a3107a, org.springframework.test.context.jdbc.SqlScriptsTestExecutionListener@33c7e1bb]
14:52:28.888 [main] DEBUG org.springframework.test.annotation.ProfileValueUtils - Retrieved @ProfileValueSourceConfiguration [null] for test class [com.demorestws.project.DemoRestWsApplicationTests]
14:52:28.888 [main] DEBUG org.springframework.test.annotation.ProfileValueUtils - Retrieved ProfileValueSource type [class org.springframework.test.annotation.SystemProfileValueSource] for class [com.demorestws.project.DemoRestWsApplicationTests]
14:52:28.889 [main] DEBUG org.springframework.test.annotation.ProfileValueUtils - Retrieved @ProfileValueSourceConfiguration [null] for test class [com.demorestws.project.web.UserControllerTest]
14:52:28.889 [main] DEBUG org.springframework.test.annotation.ProfileValueUtils - Retrieved ProfileValueSource type [class org.springframework.test.annotation.SystemProfileValueSource] for class [com.demorestws.project.web.UserControllerTest]
]]></system-out>
  </testcase>
</testsuite>