<?xml version="1.0" encoding="UTF-8"?>
<testsuite name="com.demorestws.project.service.UserServiceImplTest" time="0" tests="1" errors="0" skipped="1" failures="0">
  <properties>
[...]
</properties>
  <testcase name="com.demorestws.project.service.UserServiceImplTest" classname="com.demorestws.project.service.UserServiceImplTest" time="0">
    <skipped/>
    <system-out><![CDATA[19:13:41.841 [main] DEBUG org.springframework.test.context.junit4.SpringJUnit4ClassRunner - SpringJUnit4ClassRunner constructor called with [class com.demorestws.project.web.UserControllerTest]
19:13:41.846 [main] DEBUG org.springframework.test.context.BootstrapUtils - Instantiating CacheAwareContextLoaderDelegate from class [org.springframework.test.context.cache.DefaultCacheAwareContextLoaderDelegate]
19:13:41.850 [main] DEBUG org.springframework.test.context.BootstrapUtils - Instantiating BootstrapContext using constructor [public org.springframework.test.context.support.DefaultBootstrapContext(java.lang.Class,org.springframework.test.context.CacheAwareContextLoaderDelegate)]
19:13:41.858 [main] DEBUG org.springframework.test.context.BootstrapUtils - Instantiating TestContextBootstrapper for test class [com.demorestws.project.web.UserControllerTest] from class [org.springframework.test.context.support.DefaultTestContextBootstrapper]
19:13:41.877 [main] DEBUG org.springframework.test.context.support.DefaultTestContextBootstrapper - Found explicit ContextLoader class [org.springframework.boot.test.SpringApplicationContextLoader] for context configuration attributes [ContextConfigurationAttributes@4566e5bd declaringClass = 'com.demorestws.project.web.UserControllerTest', classes = '{class com.demorestws.project.DemoRestWsApplication}', locations = '{}', inheritLocations = true, initializers = '{}', inheritInitializers = true, name = [null], contextLoaderClass = 'org.springframework.boot.test.SpringApplicationContextLoader']
19:13:41.883 [main] DEBUG org.springframework.test.context.support.AbstractContextLoader - Did not detect default resource location for test class [com.demorestws.project.web.UserControllerTest]: class path resource [com/demorestws/project/web/UserControllerTest-context.xml] does not exist
19:13:41.884 [main] DEBUG org.springframework.test.context.support.AbstractContextLoader - Did not detect default resource location for test class [com.demorestws.project.web.UserControllerTest]: class path resource [com/demorestws/project/web/UserControllerTestContext.groovy] does not exist
19:13:41.884 [main] INFO org.springframework.test.context.support.AbstractContextLoader - Could not detect default resource locations for test class [com.demorestws.project.web.UserControllerTest]: no resource found for suffixes {-context.xml, Context.groovy}.
19:13:41.885 [main] DEBUG org.springframework.test.context.support.ActiveProfilesUtils - Could not find an 'annotation declaring class' for annotation type [org.springframework.test.context.ActiveProfiles] and class [com.demorestws.project.web.UserControllerTest]
19:13:41.888 [main] DEBUG org.springframework.test.context.support.DefaultTestContextBootstrapper - @TestExecutionListeners is not present for class [com.demorestws.project.web.UserControllerTest]: using defaults.
19:13:41.893 [main] INFO org.springframework.test.context.support.DefaultTestContextBootstrapper - Loaded default TestExecutionListener class names from location [META-INF/spring.factories]: [org.springframework.test.context.web.ServletTestExecutionListener, org.springframework.test.context.support.DirtiesContextBeforeModesTestExecutionListener, org.springframework.test.context.support.DependencyInjectionTestExecutionListener, org.springframework.test.context.support.DirtiesContextTestExecutionListener, org.springframework.test.context.transaction.TransactionalTestExecutionListener, org.springframework.test.context.jdbc.SqlScriptsTestExecutionListener]
19:13:41.905 [main] INFO org.springframework.test.context.support.DefaultTestContextBootstrapper - Using TestExecutionListeners: [org.springframework.test.context.web.ServletTestExecutionListener@3712b94, org.springframework.test.context.support.DirtiesContextBeforeModesTestExecutionListener@2833cc44, org.springframework.test.context.support.DependencyInjectionTestExecutionListener@33f88ab, org.springframework.test.context.support.DirtiesContextTestExecutionListener@27a8c74e, org.springframework.test.context.transaction.TransactionalTestExecutionListener@2d8f65a4, org.springframework.test.context.jdbc.SqlScriptsTestExecutionListener@1b68ddbd]
19:13:41.907 [main] DEBUG org.springframework.test.annotation.ProfileValueUtils - Retrieved @ProfileValueSourceConfiguration [null] for test class [com.demorestws.project.web.UserControllerTest]
19:13:41.908 [main] DEBUG org.springframework.test.annotation.ProfileValueUtils - Retrieved ProfileValueSource type [class org.springframework.test.annotation.SystemProfileValueSource] for class [com.demorestws.project.web.UserControllerTest]
]]></system-out>
  </testcase>
</testsuite>